{"contracts/ERC20_TX.sol":{"l":{"34":3,"57":2,"58":2,"66":1,"80":0},"path":"/Users/mac/Desktop/blockchain-projects/ERC-1400/contracts/ERC20_TX.sol","s":{"1":3,"2":2,"3":2,"4":1,"5":0},"b":{},"f":{"1":3,"2":2,"3":1,"4":0},"fnMap":{"1":{"name":"constructor","line":33,"loc":{"start":{"line":33,"column":4},"end":{"line":35,"column":4}}},"2":{"name":"setMarket","line":49,"loc":{"start":{"line":49,"column":2},"end":{"line":59,"column":2}}},"3":{"name":"getMarketCount","line":65,"loc":{"start":{"line":65,"column":2},"end":{"line":67,"column":2}}},"4":{"name":"getMarketByPartitionIndex","line":73,"loc":{"start":{"line":73,"column":2},"end":{"line":86,"column":2}}}},"statementMap":{"1":{"start":{"line":34,"column":8},"end":{"line":34,"column":40}},"2":{"start":{"line":57,"column":4},"end":{"line":57,"column":115}},"3":{"start":{"line":58,"column":4},"end":{"line":58,"column":15}},"4":{"start":{"line":66,"column":6},"end":{"line":66,"column":39}},"5":{"start":{"line":80,"column":8},"end":{"line":80,"column":2979}}},"branchMap":{}},"contracts/IMARKET100.sol":{"l":{},"path":"/Users/mac/Desktop/blockchain-projects/ERC-1400/contracts/IMARKET100.sol","s":{},"b":{},"f":{},"fnMap":{},"statementMap":{},"branchMap":{}}}